comalexlivertmppushsdkdemo/build/outputs/logs/manifest-merger-debug-report.txt
-- Merging decision tree log ---
manifest
ADDED from src\main\AndroidManifest.xml:2:1-52:12
	package
		ADDED from src\main\AndroidManifest.xml:3:5-53
		INJECTED from src\main\AndroidManifest.xml
		INJECTED from src\main\AndroidManifest.xml
	android:versionName
		ADDED from src\main\AndroidManifest.xml:5:5-30
		INJECTED from src\main\AndroidManifest.xml
		INJECTED from src\main\AndroidManifest.xml
	android:versionCode
		ADDED from src\main\AndroidManifest.xml:4:5-28
		INJECTED from src\main\AndroidManifest.xml
		INJECTED from src\main\AndroidManifest.xml
	xmlns:android
		ADDED from src\main\AndroidManifest.xml:2:11-69
uses-sdk
ADDED from src\main\AndroidManifest.xml:7:5-9:41
MERGED from [android_rtmppush_sdk-master:liveRtmpPushSDK:unspecified] AndroidManifest.xml:7:5-9:41
MERGED from [com.android.support:appcompat-v7:18.0.0] AndroidManifest.xml:18:5-42
	android:targetSdkVersion
		ADDED from src\main\AndroidManifest.xml:9:9-38
		INJECTED from src\main\AndroidManifest.xml
		INJECTED from src\main\AndroidManifest.xml
	android:minSdkVersion
		ADDED from src\main\AndroidManifest.xml:8:9-35
		INJECTED from src\main\AndroidManifest.xml
		INJECTED from src\main\AndroidManifest.xml
uses-permission#android.permission.CAMERA
ADDED from src\main\AndroidManifest.xml:11:5-65
MERGED from [android_rtmppush_sdk-master:liveRtmpPushSDK:unspecified] AndroidManifest.xml:11:5-65
	android:name
		ADDED from src\main\AndroidManifest.xml:11:22-62
uses-feature#android.hardware.camera
ADDED from src\main\AndroidManifest.xml:13:5-60
MERGED from [android_rtmppush_sdk-master:liveRtmpPushSDK:unspecified] AndroidManifest.xml:13:5-60
	android:name
		ADDED from src\main\AndroidManifest.xml:13:19-57
uses-feature#android.hardware.camera.autofocus
ADDED from src\main\AndroidManifest.xml:14:5-70
MERGED from [android_rtmppush_sdk-master:liveRtmpPushSDK:unspecified] AndroidManifest.xml:14:5-70
	android:name
		ADDED from src\main\AndroidManifest.xml:14:19-67
uses-permission#android.permission.WRITE_EXTERNAL_STORAGE
ADDED from src\main\AndroidManifest.xml:16:5-81
MERGED from [android_rtmppush_sdk-master:liveRtmpPushSDK:unspecified] AndroidManifest.xml:16:5-81
	android:name
		ADDED from src\main\AndroidManifest.xml:16:22-78
uses-permission#android.permission.RECORD_AUDIO
ADDED from src\main\AndroidManifest.xml:17:5-71
MERGED from [android_rtmppush_sdk-master:liveRtmpPushSDK:unspecified] AndroidManifest.xml:17:5-71
	android:name
		ADDED from src\main\AndroidManifest.xml:17:22-68
uses-permission#android.permission.WAKE_LOCK
ADDED from src\main\AndroidManifest.xml:18:5-68
MERGED from [android_rtmppush_sdk-master:liveRtmpPushSDK:unspecified] AndroidManifest.xml:23:5-68
	android:name
		ADDED from src\main\AndroidManifest.xml:18:22-65
uses-permission#android.permission.READ_PHONE_STATE
ADDED from src\main\AndroidManifest.xml:20:5-75
	android:name
		ADDED from src\main\AndroidManifest.xml:20:22-72
uses-permission#android.permission.READ_EXTERNAL_STORAGE
ADDED from src\main\AndroidManifest.xml:21:5-80
	android:name
		ADDED from src\main\AndroidManifest.xml:21:22-77
uses-permission#android.permission.FLASHLIGHT
ADDED from src\main\AndroidManifest.xml:24:5-69
	android:name
		ADDED from src\main\AndroidManifest.xml:24:22-66
application
ADDED from src\main\AndroidManifest.xml:26:5-50:19
MERGED from [android_rtmppush_sdk-master:liveRtmpPushSDK:unspecified] AndroidManifest.xml:25:5-29:43
MERGED from [com.android.support:appcompat-v7:18.0.0] AndroidManifest.xml:19:5-20
	android:label
		ADDED from src\main\AndroidManifest.xml:29:9-41
	android:allowBackup
		ADDED from src\main\AndroidManifest.xml:27:9-35
	android:icon
		ADDED from src\main\AndroidManifest.xml:28:9-45
	android:theme
		ADDED from src\main\AndroidManifest.xml:30:9-40
activity#com.alex.com.alex.livertmppushsdk.demo.StartActivity
ADDED from src\main\AndroidManifest.xml:32:9-40:20
	android:label
		ADDED from src\main\AndroidManifest.xml:34:13-57
	android:name
		ADDED from src\main\AndroidManifest.xml:33:13-42
intent-filter#android.intent.action.MAIN+android.intent.category.LAUNCHER
ADDED from src\main\AndroidManifest.xml:35:13-39:29
action#android.intent.action.MAIN
ADDED from src\main\AndroidManifest.xml:36:17-69
	android:name
		ADDED from src\main\AndroidManifest.xml:36:25-66
category#android.intent.category.LAUNCHER
ADDED from src\main\AndroidManifest.xml:38:17-77
	android:name
		ADDED from src\main\AndroidManifest.xml:38:27-74
activity#com.alex.com.alex.livertmppushsdk.demo.MainActivity
ADDED from src\main\AndroidManifest.xml:43:9-49:20
	android:label
		ADDED from src\main\AndroidManifest.xml:45:13-45
	android:name
		ADDED from src\main\AndroidManifest.xml:44:13-41
intent-filter#android.intent.action.rtmppush
ADDED from src\main\AndroidManifest.xml:46:13-48:29
action#android.intent.action.rtmppush
ADDED from src\main\AndroidManifest.xml:47:17-73
	android:name
		ADDED from src\main\AndroidManifest.xml:47:25-70
uses-permission#android.permission.CHANGE_NETWORK_STATE
ADDED from [android_rtmppush_sdk-master:liveRtmpPushSDK:unspecified] AndroidManifest.xml:18:5-79
	android:name
		ADDED from [android_rtmppush_sdk-master:liveRtmpPushSDK:unspecified] AndroidManifest.xml:18:22-76
uses-permission#android.permission.CHANGE_WIFI_STATE
ADDED from [android_rtmppush_sdk-master:liveRtmpPushSDK:unspecified] AndroidManifest.xml:19:5-76
	android:name
		ADDED from [android_rtmppush_sdk-master:liveRtmpPushSDK:unspecified] AndroidManifest.xml:19:22-73
uses-permission#android.permission.ACCESS_NETWORK_STATE
ADDED from [android_rtmppush_sdk-master:liveRtmpPushSDK:unspecified] AndroidManifest.xml:20:5-79
	android:name
		ADDED from [android_rtmppush_sdk-master:liveRtmpPushSDK:unspecified] AndroidManifest.xml:20:22-76
uses-permission#android.permission.ACCESS_WIFI_STATE
ADDED from [android_rtmppush_sdk-master:liveRtmpPushSDK:unspecified] AndroidManifest.xml:21:5-76
	android:name
		ADDED from [android_rtmppush_sdk-master:liveRtmpPushSDK:unspecified] AndroidManifest.xml:21:22-73
uses-permission#android.permission.INTERNET
ADDED from [android_rtmppush_sdk-master:liveRtmpPushSDK:unspecified] AndroidManifest.xml:22:5-67
	android:name
		ADDED from [android_rtmppush_sdk-master:liveRtmpPushSDK:unspecified] AndroidManifest.xml:22:22-64